  priority_queue_test.cpp
E:\计算机相关\code\tian_mut\2024.11.20 Alloc\__default_alloc_template.h(31,8): warning C4200: 使用了非标准扩展: 结构/联合中的零大小数组
E:\计算机相关\code\tian_mut\2024.11.20 Alloc\__default_alloc_template.h(31,8): message : 默认构造函数或 copy/move 赋值运算符将忽略此成员
E:\计算机相关\code\tian_mut\2024.11.20 Alloc\__default_alloc_template.h(174,22): warning C4267: “=”: 从“size_t”转换到“int”，可能丢失数据
E:\计算机相关\code\tian_mut\2024.11.20 Alloc\__default_alloc_template.h(205,15): warning C4267: “初始化”: 从“size_t”转换到“int”，可能丢失数据
E:\计算机相关\code\tian_mut\2024.11.20 Alloc\mystl_vector.h(118,12): warning C4267: “初始化”: 从“size_t”转换到“int”，可能丢失数据
E:\计算机相关\code\tian_mut\2024.11.20 Alloc\mystl_vector.h(106,2): message : 在编译 类 模板 成员函数“void lth::vector<T,alloc>::insert_aux(int *,const T &)”时
          with
          [
              T=int
          ]
E:\计算机相关\code\tian_mut\2024.11.20 Alloc\mystl_vector.h(94,2): message : 在编译 类 模板 成员函数“void lth::vector<T,alloc>::push_back(const T &)”时
          with
          [
              T=int
          ]
E:\计算机相关\code\tian_mut\2024.11.20 Alloc\mystl_priority_queue.h(52,15): message : 请参阅 "lth::priority_queue<int,lth::vector<T,alloc>,Compare<T>>::push" 中对 "lth::vector<T,alloc>::push_back" 的第一个引用
          with
          [
              T=int
          ]
E:\计算机相关\code\tian_mut\2024.11.20 Alloc\priority_queue_test.cpp(66,10): message : 请参阅 "main" 中对 "lth::priority_queue<int,lth::vector<T,alloc>,Compare<T>>::push" 的第一个引用
          with
          [
              T=int
          ]
E:\计算机相关\code\tian_mut\2024.11.20 Alloc\mystl_priority_queue.h(8,25): message : 查看对正在编译的 类 模板 实例化“lth::vector<T,alloc>”的引用
          with
          [
              T=int
          ]
  2024.11.20 Alloc.vcxproj -> E:\计算机相关\code\tian_mut\2024.11.20 Alloc\x64\Debug\2024.11.20 Alloc.exe
